d:\gistoswmm5\win\gistoswmm5\gistoswmm5\debug\vc141.pdb
d:\gistoswmm5\win\gistoswmm5\gistoswmm5\debug\vc141.idb
d:\gistoswmm5\win\gistoswmm5\gistoswmm5\debug\vertex.obj
d:\gistoswmm5\win\gistoswmm5\gistoswmm5\debug\table.obj
d:\gistoswmm5\win\gistoswmm5\gistoswmm5\debug\raster.obj
d:\gistoswmm5\win\gistoswmm5\gistoswmm5\debug\main.obj
d:\gistoswmm5\win\gistoswmm5\gistoswmm5\debug\grid.obj
d:\gistoswmm5\win\gistoswmm5\gistoswmm5\debug\fileio.obj
d:\gistoswmm5\win\gistoswmm5\gistoswmm5\debug\cell.obj
e:\gistoswmm5\win\gistoswmm5\gistoswmm5\debug\vc141.pdb
e:\gistoswmm5\win\gistoswmm5\gistoswmm5\debug\vc141.idb
e:\gistoswmm5\win\gistoswmm5\gistoswmm5\debug\vertex.obj
e:\gistoswmm5\win\gistoswmm5\gistoswmm5\debug\table.obj
e:\gistoswmm5\win\gistoswmm5\gistoswmm5\debug\raster.obj
e:\gistoswmm5\win\gistoswmm5\gistoswmm5\debug\main.obj
e:\gistoswmm5\win\gistoswmm5\gistoswmm5\debug\grid.obj
e:\gistoswmm5\win\gistoswmm5\gistoswmm5\debug\fileio.obj
e:\gistoswmm5\win\gistoswmm5\gistoswmm5\debug\cell.obj
d:\gistoswmm5\win\gistoswmm5\debug\gistoswmm5.ilk
d:\gistoswmm5\win\gistoswmm5\debug\gistoswmm5.exe
d:\gistoswmm5\win\gistoswmm5\debug\gistoswmm5.pdb
e:\gistoswmm5\win\gistoswmm5\debug\gistoswmm5.exe
e:\gistoswmm5\win\gistoswmm5\debug\gistoswmm5.ilk
e:\gistoswmm5\win\gistoswmm5\debug\gistoswmm5.pdb
e:\gistoswmm5\win\gistoswmm5\gistoswmm5\debug\gistoswmm5.tlog\cl.read.1.tlog
e:\gistoswmm5\win\gistoswmm5\gistoswmm5\debug\gistoswmm5.tlog\cl.write.1.tlog
e:\gistoswmm5\win\gistoswmm5\gistoswmm5\debug\gistoswmm5.tlog\cl.command.1.tlog
e:\gistoswmm5\win\gistoswmm5\gistoswmm5\debug\gistoswmm5.tlog\link.read.1.tlog
e:\gistoswmm5\win\gistoswmm5\gistoswmm5\debug\gistoswmm5.tlog\link.write.1.tlog
e:\gistoswmm5\win\gistoswmm5\gistoswmm5\debug\gistoswmm5.tlog\link.command.1.tlog
